<?xml version="1.0" encoding="UTF-8"?>
<!-- Generated by org.testng.reporters.JUnitXMLReporter -->
<testsuite ignored="0" hostname="lazimuls-Air.home" failures="0" tests="1" name="Command line test" time="0.036" errors="0" timestamp="02 Jan 2019 05:56:58 GMT">
  <testcase classname="base.CommonApi" name="@BeforeMethod setUp" time="0.0">
    <failure type="org.testng.TestNGException" message="
Parameter &amp;apos;url&amp;apos; is required by BeforeMethod on method setUp but has not been marked @Optional or defined
">
      <![CDATA[org.testng.TestNGException: 
Parameter 'url' is required by BeforeMethod on method setUp but has not been marked @Optional or defined

... Removed 34 stack frames]]>
    </failure>
  </testcase> <!-- @BeforeMethod setUp -->
  <testcase classname="base.CommonApi" name="@AfterMethod cleanUp" time="0.0">
    <skipped/>
  </testcase> <!-- @AfterMethod cleanUp -->
  <testcase classname="TestHome" name="test1" time="0.0">
    <skipped/>
  </testcase> <!-- test1 -->
</testsuite> <!-- Command line test -->
